# JRE version: OpenJDK Runtime Environment (21.0.6) (build 21.0.6+-13355223-b631.42)
# Java VM: OpenJDK 64-Bit Server VM (21.0.6+-13355223-b631.42, mixed mode, tiered, compressed oops, compressed class ptrs, g1 gc, windows-amd64)
GC Precious Log:
 CardTable entry size: 512
 Card Set container configuration: InlinePtr #cards 5 size 8 Array Of Cards #cards 12 size 40 Howl #buckets 4 coarsen threshold 1843 Howl Bitmap #cards 512 size 80 coarsen threshold 460 Card regions per heap region 1 cards per card region 2048
 CPUs: 8 total, 8 available
 Memory: 16112M
 Large Page Support: Disabled
 NUMA Support: Disabled
 Compressed Oops: Enabled (32-bit)
 Heap Region Size: 1M
 Heap Min Capacity: 8M
 Heap Initial Capacity: 252M
 Heap Max Capacity: 2G
 Pre-touch: Disabled
 Parallel Workers: 8
 Concurrent Workers: 2
 Concurrent Refinement Workers: 8
 Periodic GC: Disabled
Heap:
 garbage-first heap   total 159744K, used 102650K [0x0000000080000000, 0x0000000100000000)
  region size 1024K, 2 young (2048K), 2 survivors (2048K)
 Metaspace       used 101853K, committed 103744K, reserved 1179648K
  class space    used 13860K, committed 14784K, reserved 1048576K
GC Heap History (20 events):
Event: 4.464 GC heap after
{Heap after GC invocations=15 (full 0):
 garbage-first heap   total 113664K, used 60215K [0x0000000080000000, 0x0000000100000000)
  region size 1024K, 6 young (6144K), 6 survivors (6144K)
 Metaspace       used 56458K, committed 58048K, reserved 1114112K
  class space    used 7670K, committed 8448K, reserved 1048576K
}
Event: 4.521 GC heap before
{Heap before GC invocations=15 (full 0):
 garbage-first heap   total 113664K, used 66359K [0x0000000080000000, 0x0000000100000000)
  region size 1024K, 14 young (14336K), 6 survivors (6144K)
 Metaspace       used 56583K, committed 58176K, reserved 1114112K
  class space    used 7672K, committed 8448K, reserved 1048576K
}
Event: 4.524 GC heap after
{Heap after GC invocations=16 (full 0):
 garbage-first heap   total 113664K, used 61393K [0x0000000080000000, 0x0000000100000000)
  region size 1024K, 4 young (4096K), 4 survivors (4096K)
 Metaspace       used 56583K, committed 58176K, reserved 1114112K
  class space    used 7672K, committed 8448K, reserved 1048576K
}
Event: 4.760 GC heap before
{Heap before GC invocations=17 (full 0):
 garbage-first heap   total 114688K, used 112593K [0x0000000080000000, 0x0000000100000000)
  region size 1024K, 41 young (41984K), 4 survivors (4096K)
 Metaspace       used 58973K, committed 60608K, reserved 1114112K
  class space    used 7888K, committed 8704K, reserved 1048576K
}
Event: 4.763 GC heap after
{Heap after GC invocations=18 (full 0):
 garbage-first heap   total 120832K, used 76356K [0x0000000080000000, 0x0000000100000000)
  region size 1024K, 6 young (6144K), 6 survivors (6144K)
 Metaspace       used 58973K, committed 60608K, reserved 1114112K
  class space    used 7888K, committed 8704K, reserved 1048576K
}
Event: 5.012 GC heap before
{Heap before GC invocations=18 (full 0):
 garbage-first heap   total 120832K, used 107076K [0x0000000080000000, 0x0000000100000000)
  region size 1024K, 36 young (36864K), 6 survivors (6144K)
 Metaspace       used 62275K, committed 63936K, reserved 1114112K
  class space    used 8361K, committed 9152K, reserved 1048576K
}
Event: 5.016 GC heap after
{Heap after GC invocations=19 (full 0):
 garbage-first heap   total 145408K, used 76868K [0x0000000080000000, 0x0000000100000000)
  region size 1024K, 3 young (3072K), 3 survivors (3072K)
 Metaspace       used 62275K, committed 63936K, reserved 1114112K
  class space    used 8361K, committed 9152K, reserved 1048576K
}
Event: 5.716 GC heap before
{Heap before GC invocations=19 (full 0):
 garbage-first heap   total 145408K, used 122948K [0x0000000080000000, 0x0000000100000000)
  region size 1024K, 49 young (50176K), 3 survivors (3072K)
 Metaspace       used 70277K, committed 72000K, reserved 1114112K
  class space    used 9522K, committed 10368K, reserved 1048576K
}
Event: 5.719 GC heap after
{Heap after GC invocations=20 (full 0):
 garbage-first heap   total 145408K, used 79368K [0x0000000080000000, 0x0000000100000000)
  region size 1024K, 5 young (5120K), 5 survivors (5120K)
 Metaspace       used 70277K, committed 72000K, reserved 1114112K
  class space    used 9522K, committed 10368K, reserved 1048576K
}
Event: 6.206 GC heap before
{Heap before GC invocations=21 (full 0):
 garbage-first heap   total 145408K, used 125448K [0x0000000080000000, 0x0000000100000000)
  region size 1024K, 51 young (52224K), 5 survivors (5120K)
 Metaspace       used 75291K, committed 76992K, reserved 1179648K
  class space    used 10074K, committed 10880K, reserved 1048576K
}
Event: 6.211 GC heap after
{Heap after GC invocations=22 (full 0):
 garbage-first heap   total 145408K, used 83083K [0x0000000080000000, 0x0000000100000000)
  region size 1024K, 7 young (7168K), 7 survivors (7168K)
 Metaspace       used 75291K, committed 76992K, reserved 1179648K
  class space    used 10074K, committed 10880K, reserved 1048576K
}
Event: 6.710 GC heap before
{Heap before GC invocations=22 (full 0):
 garbage-first heap   total 145408K, used 128139K [0x0000000080000000, 0x0000000100000000)
  region size 1024K, 51 young (52224K), 7 survivors (7168K)
 Metaspace       used 80745K, committed 82560K, reserved 1179648K
  class space    used 10874K, committed 11776K, reserved 1048576K
}
Event: 6.716 GC heap after
{Heap after GC invocations=23 (full 0):
 garbage-first heap   total 145408K, used 83650K [0x0000000080000000, 0x0000000100000000)
  region size 1024K, 3 young (3072K), 3 survivors (3072K)
 Metaspace       used 80745K, committed 82560K, reserved 1179648K
  class space    used 10874K, committed 11776K, reserved 1048576K
}
Event: 7.216 GC heap before
{Heap before GC invocations=23 (full 0):
 garbage-first heap   total 145408K, used 129730K [0x0000000080000000, 0x0000000100000000)
  region size 1024K, 48 young (49152K), 3 survivors (3072K)
 Metaspace       used 88735K, committed 90560K, reserved 1179648K
  class space    used 12288K, committed 13184K, reserved 1048576K
}
Event: 7.220 GC heap after
{Heap after GC invocations=24 (full 0):
 garbage-first heap   total 145408K, used 85162K [0x0000000080000000, 0x0000000100000000)
  region size 1024K, 4 young (4096K), 4 survivors (4096K)
 Metaspace       used 88735K, committed 90560K, reserved 1179648K
  class space    used 12288K, committed 13184K, reserved 1048576K
}
Event: 7.818 GC heap before
{Heap before GC invocations=25 (full 0):
 garbage-first heap   total 145408K, used 139434K [0x0000000080000000, 0x0000000100000000)
  region size 1024K, 50 young (51200K), 4 survivors (4096K)
 Metaspace       used 96039K, committed 97920K, reserved 1179648K
  class space    used 13196K, committed 14144K, reserved 1048576K
}
Event: 7.821 GC heap after
{Heap after GC invocations=26 (full 0):
 garbage-first heap   total 145408K, used 86386K [0x0000000080000000, 0x0000000100000000)
  region size 1024K, 5 young (5120K), 5 survivors (5120K)
 Metaspace       used 96039K, committed 97920K, reserved 1179648K
  class space    used 13196K, committed 14144K, reserved 1048576K
}
Event: 8.048 GC heap before
{Heap before GC invocations=26 (full 0):
 garbage-first heap   total 145408K, used 138610K [0x0000000080000000, 0x0000000100000000)
  region size 1024K, 49 young (50176K), 5 survivors (5120K)
 Metaspace       used 97664K, committed 99520K, reserved 1179648K
  class space    used 13372K, committed 14272K, reserved 1048576K
}
Event: 8.063 GC heap after
{Heap after GC invocations=27 (full 0):
 garbage-first heap   total 159744K, used 99923K [0x0000000080000000, 0x0000000100000000)
  region size 1024K, 7 young (7168K), 7 survivors (7168K)
 Metaspace       used 97664K, committed 99520K, reserved 1179648K
  class space    used 13372K, committed 14272K, reserved 1048576K
}
Event: 8.343 GC heap before
{Heap before GC invocations=27 (full 0):
 garbage-first heap   total 159744K, used 131667K [0x0000000080000000, 0x0000000100000000)
  region size 1024K, 39 young (39936K), 7 survivors (7168K)
 Metaspace       used 101853K, committed 103744K, reserved 1179648K
  class space    used 13860K, committed 14784K, reserved 1048576K
}

